The system is: Linux - 4.14.177-107.254.amzn1.x86_64 - x86_64
Compiling the C compiler identification source file "CMakeCCompilerId.c" succeeded.
Compiler: /usr/bin/clang 
Build flags: 
Id flags: 

The output was:
0


Compilation of the C compiler identification source "CMakeCCompilerId.c" produced "a.out"

The C compiler identification is Clang, found in "/home/ec2-user/minisql/cmake-build/CMakeFiles/2.8.12.2/CompilerIdC/a.out"

Compiling the CXX compiler identification source file "CMakeCXXCompilerId.cpp" succeeded.
Compiler: /usr/bin/clang++ 
Build flags: 
Id flags: 

The output was:
0


Compilation of the CXX compiler identification source "CMakeCXXCompilerId.cpp" produced "a.out"

The CXX compiler identification is Clang, found in "/home/ec2-user/minisql/cmake-build/CMakeFiles/2.8.12.2/CompilerIdCXX/a.out"

Determining if the C compiler works passed with the following output:
Change Dir: /home/ec2-user/minisql/cmake-build/CMakeFiles/CMakeTmp

Run Build Command:/usr/bin/gmake "cmTryCompileExec129789533/fast"
/usr/bin/gmake -f CMakeFiles/cmTryCompileExec129789533.dir/build.make CMakeFiles/cmTryCompileExec129789533.dir/build
gmake[1]: Entering directory `/home/ec2-user/minisql/cmake-build/CMakeFiles/CMakeTmp'
/usr/bin/cmake -E cmake_progress_report /home/ec2-user/minisql/cmake-build/CMakeFiles/CMakeTmp/CMakeFiles 1
Building C object CMakeFiles/cmTryCompileExec129789533.dir/testCCompiler.c.o
/usr/bin/clang    -o CMakeFiles/cmTryCompileExec129789533.dir/testCCompiler.c.o   -c /home/ec2-user/minisql/cmake-build/CMakeFiles/CMakeTmp/testCCompiler.c
Linking C executable cmTryCompileExec129789533
/usr/bin/cmake -E cmake_link_script CMakeFiles/cmTryCompileExec129789533.dir/link.txt --verbose=1
/usr/bin/clang       CMakeFiles/cmTryCompileExec129789533.dir/testCCompiler.c.o  -o cmTryCompileExec129789533 -rdynamic 
gmake[1]: Leaving directory `/home/ec2-user/minisql/cmake-build/CMakeFiles/CMakeTmp'


Detecting C compiler ABI info compiled with the following output:
Change Dir: /home/ec2-user/minisql/cmake-build/CMakeFiles/CMakeTmp

Run Build Command:/usr/bin/gmake "cmTryCompileExec2729245622/fast"
/usr/bin/gmake -f CMakeFiles/cmTryCompileExec2729245622.dir/build.make CMakeFiles/cmTryCompileExec2729245622.dir/build
gmake[1]: Entering directory `/home/ec2-user/minisql/cmake-build/CMakeFiles/CMakeTmp'
/usr/bin/cmake -E cmake_progress_report /home/ec2-user/minisql/cmake-build/CMakeFiles/CMakeTmp/CMakeFiles 1
Building C object CMakeFiles/cmTryCompileExec2729245622.dir/CMakeCCompilerABI.c.o
/usr/bin/clang    -o CMakeFiles/cmTryCompileExec2729245622.dir/CMakeCCompilerABI.c.o   -c /usr/share/cmake/Modules/CMakeCCompilerABI.c
Linking C executable cmTryCompileExec2729245622
/usr/bin/cmake -E cmake_link_script CMakeFiles/cmTryCompileExec2729245622.dir/link.txt --verbose=1
/usr/bin/clang     -v CMakeFiles/cmTryCompileExec2729245622.dir/CMakeCCompilerABI.c.o  -o cmTryCompileExec2729245622 -rdynamic  
clang version 3.6.2 (tags/RELEASE_362/final)
Target: x86_64-amazon-linux-gnu
Thread model: posix
Found candidate GCC installation: /usr/bin/../lib/gcc/x86_64-amazon-linux/4.8.5
Found candidate GCC installation: /usr/lib/gcc/x86_64-amazon-linux/4.8.5
Selected GCC installation: /usr/bin/../lib/gcc/x86_64-amazon-linux/4.8.5
Candidate multilib: .;@m64
Candidate multilib: 32;@m32
Selected multilib: .;@m64
 "/usr/bin/ld" -export-dynamic --eh-frame-hdr -m elf_x86_64 -dynamic-linker /lib64/ld-linux-x86-64.so.2 -o cmTryCompileExec2729245622 /usr/bin/../lib/gcc/x86_64-amazon-linux/4.8.5/../../../../lib64/crt1.o /usr/bin/../lib/gcc/x86_64-amazon-linux/4.8.5/../../../../lib64/crti.o /usr/bin/../lib/gcc/x86_64-amazon-linux/4.8.5/crtbegin.o -L/usr/bin/../lib/gcc/x86_64-amazon-linux/4.8.5 -L/usr/bin/../lib/gcc/x86_64-amazon-linux/4.8.5/../../../../lib64 -L/usr/bin/../lib64 -L/lib/../lib64 -L/usr/lib/../lib64 -L/usr/bin/../lib/gcc/x86_64-amazon-linux/4.8.5/../../.. -L/usr/bin/../lib -L/lib -L/usr/lib CMakeFiles/cmTryCompileExec2729245622.dir/CMakeCCompilerABI.c.o -lgcc --as-needed -lgcc_s --no-as-needed -lc -lgcc --as-needed -lgcc_s --no-as-needed /usr/bin/../lib/gcc/x86_64-amazon-linux/4.8.5/crtend.o /usr/bin/../lib/gcc/x86_64-amazon-linux/4.8.5/../../../../lib64/crtn.o
gmake[1]: Leaving directory `/home/ec2-user/minisql/cmake-build/CMakeFiles/CMakeTmp'


Parsed C implicit link information from above output:
  link line regex: [^( *|.*[/\])(ld|([^/\]+-)?ld|collect2)[^/\]*( |$)]
  ignore line: [Change Dir: /home/ec2-user/minisql/cmake-build/CMakeFiles/CMakeTmp]
  ignore line: []
  ignore line: [Run Build Command:/usr/bin/gmake "cmTryCompileExec2729245622/fast"]
  ignore line: [/usr/bin/gmake -f CMakeFiles/cmTryCompileExec2729245622.dir/build.make CMakeFiles/cmTryCompileExec2729245622.dir/build]
  ignore line: [gmake[1]: Entering directory `/home/ec2-user/minisql/cmake-build/CMakeFiles/CMakeTmp']
  ignore line: [/usr/bin/cmake -E cmake_progress_report /home/ec2-user/minisql/cmake-build/CMakeFiles/CMakeTmp/CMakeFiles 1]
  ignore line: [Building C object CMakeFiles/cmTryCompileExec2729245622.dir/CMakeCCompilerABI.c.o]
  ignore line: [/usr/bin/clang    -o CMakeFiles/cmTryCompileExec2729245622.dir/CMakeCCompilerABI.c.o   -c /usr/share/cmake/Modules/CMakeCCompilerABI.c]
  ignore line: [Linking C executable cmTryCompileExec2729245622]
  ignore line: [/usr/bin/cmake -E cmake_link_script CMakeFiles/cmTryCompileExec2729245622.dir/link.txt --verbose=1]
  ignore line: [/usr/bin/clang     -v CMakeFiles/cmTryCompileExec2729245622.dir/CMakeCCompilerABI.c.o  -o cmTryCompileExec2729245622 -rdynamic  ]
  ignore line: [clang version 3.6.2 (tags/RELEASE_362/final)]
  ignore line: [Target: x86_64-amazon-linux-gnu]
  ignore line: [Thread model: posix]
  ignore line: [Found candidate GCC installation: /usr/bin/../lib/gcc/x86_64-amazon-linux/4.8.5]
  ignore line: [Found candidate GCC installation: /usr/lib/gcc/x86_64-amazon-linux/4.8.5]
  ignore line: [Selected GCC installation: /usr/bin/../lib/gcc/x86_64-amazon-linux/4.8.5]
  ignore line: [Candidate multilib: .]
  ignore line: [@m64]
  ignore line: [Candidate multilib: 32]
  ignore line: [@m32]
  ignore line: [Selected multilib: .]
  ignore line: [@m64]
  link line: [ "/usr/bin/ld" -export-dynamic --eh-frame-hdr -m elf_x86_64 -dynamic-linker /lib64/ld-linux-x86-64.so.2 -o cmTryCompileExec2729245622 /usr/bin/../lib/gcc/x86_64-amazon-linux/4.8.5/../../../../lib64/crt1.o /usr/bin/../lib/gcc/x86_64-amazon-linux/4.8.5/../../../../lib64/crti.o /usr/bin/../lib/gcc/x86_64-amazon-linux/4.8.5/crtbegin.o -L/usr/bin/../lib/gcc/x86_64-amazon-linux/4.8.5 -L/usr/bin/../lib/gcc/x86_64-amazon-linux/4.8.5/../../../../lib64 -L/usr/bin/../lib64 -L/lib/../lib64 -L/usr/lib/../lib64 -L/usr/bin/../lib/gcc/x86_64-amazon-linux/4.8.5/../../.. -L/usr/bin/../lib -L/lib -L/usr/lib CMakeFiles/cmTryCompileExec2729245622.dir/CMakeCCompilerABI.c.o -lgcc --as-needed -lgcc_s --no-as-needed -lc -lgcc --as-needed -lgcc_s --no-as-needed /usr/bin/../lib/gcc/x86_64-amazon-linux/4.8.5/crtend.o /usr/bin/../lib/gcc/x86_64-amazon-linux/4.8.5/../../../../lib64/crtn.o]
    arg [/usr/bin/ld] ==> ignore
    arg [-export-dynamic] ==> ignore
    arg [--eh-frame-hdr] ==> ignore
    arg [-m] ==> ignore
    arg [elf_x86_64] ==> ignore
    arg [-dynamic-linker] ==> ignore
    arg [/lib64/ld-linux-x86-64.so.2] ==> ignore
    arg [-o] ==> ignore
    arg [cmTryCompileExec2729245622] ==> ignore
    arg [/usr/bin/../lib/gcc/x86_64-amazon-linux/4.8.5/../../../../lib64/crt1.o] ==> ignore
    arg [/usr/bin/../lib/gcc/x86_64-amazon-linux/4.8.5/../../../../lib64/crti.o] ==> ignore
    arg [/usr/bin/../lib/gcc/x86_64-amazon-linux/4.8.5/crtbegin.o] ==> ignore
    arg [-L/usr/bin/../lib/gcc/x86_64-amazon-linux/4.8.5] ==> dir [/usr/bin/../lib/gcc/x86_64-amazon-linux/4.8.5]
    arg [-L/usr/bin/../lib/gcc/x86_64-amazon-linux/4.8.5/../../../../lib64] ==> dir [/usr/bin/../lib/gcc/x86_64-amazon-linux/4.8.5/../../../../lib64]
    arg [-L/usr/bin/../lib64] ==> dir [/usr/bin/../lib64]
    arg [-L/lib/../lib64] ==> dir [/lib/../lib64]
    arg [-L/usr/lib/../lib64] ==> dir [/usr/lib/../lib64]
    arg [-L/usr/bin/../lib/gcc/x86_64-amazon-linux/4.8.5/../../..] ==> dir [/usr/bin/../lib/gcc/x86_64-amazon-linux/4.8.5/../../..]
    arg [-L/usr/bin/../lib] ==> dir [/usr/bin/../lib]
    arg [-L/lib] ==> dir [/lib]
    arg [-L/usr/lib] ==> dir [/usr/lib]
    arg [CMakeFiles/cmTryCompileExec2729245622.dir/CMakeCCompilerABI.c.o] ==> ignore
    arg [-lgcc] ==> lib [gcc]
    arg [--as-needed] ==> ignore
    arg [-lgcc_s] ==> lib [gcc_s]
    arg [--no-as-needed] ==> ignore
    arg [-lc] ==> lib [c]
    arg [-lgcc] ==> lib [gcc]
    arg [--as-needed] ==> ignore
    arg [-lgcc_s] ==> lib [gcc_s]
    arg [--no-as-needed] ==> ignore
    arg [/usr/bin/../lib/gcc/x86_64-amazon-linux/4.8.5/crtend.o] ==> ignore
    arg [/usr/bin/../lib/gcc/x86_64-amazon-linux/4.8.5/../../../../lib64/crtn.o] ==> ignore
  remove lib [gcc]
  remove lib [gcc_s]
  remove lib [gcc]
  remove lib [gcc_s]
  collapse library dir [/usr/bin/../lib/gcc/x86_64-amazon-linux/4.8.5] ==> [/usr/lib/gcc/x86_64-amazon-linux/4.8.5]
  collapse library dir [/usr/bin/../lib/gcc/x86_64-amazon-linux/4.8.5/../../../../lib64] ==> [/usr/lib64]
  collapse library dir [/usr/bin/../lib64] ==> [/usr/lib64]
  collapse library dir [/lib/../lib64] ==> [/lib64]
  collapse library dir [/usr/lib/../lib64] ==> [/usr/lib64]
  collapse library dir [/usr/bin/../lib/gcc/x86_64-amazon-linux/4.8.5/../../..] ==> [/usr/lib]
  collapse library dir [/usr/bin/../lib] ==> [/usr/lib]
  collapse library dir [/lib] ==> [/lib]
  collapse library dir [/usr/lib] ==> [/usr/lib]
  implicit libs: [c]
  implicit dirs: [/usr/lib/gcc/x86_64-amazon-linux/4.8.5;/usr/lib64;/lib64;/usr/lib;/lib]
  implicit fwks: []


Determining if the CXX compiler works passed with the following output:
Change Dir: /home/ec2-user/minisql/cmake-build/CMakeFiles/CMakeTmp

Run Build Command:/usr/bin/gmake "cmTryCompileExec1633273568/fast"
/usr/bin/gmake -f CMakeFiles/cmTryCompileExec1633273568.dir/build.make CMakeFiles/cmTryCompileExec1633273568.dir/build
gmake[1]: Entering directory `/home/ec2-user/minisql/cmake-build/CMakeFiles/CMakeTmp'
/usr/bin/cmake -E cmake_progress_report /home/ec2-user/minisql/cmake-build/CMakeFiles/CMakeTmp/CMakeFiles 1
Building CXX object CMakeFiles/cmTryCompileExec1633273568.dir/testCXXCompiler.cxx.o
/usr/bin/clang++     -o CMakeFiles/cmTryCompileExec1633273568.dir/testCXXCompiler.cxx.o -c /home/ec2-user/minisql/cmake-build/CMakeFiles/CMakeTmp/testCXXCompiler.cxx
Linking CXX executable cmTryCompileExec1633273568
/usr/bin/cmake -E cmake_link_script CMakeFiles/cmTryCompileExec1633273568.dir/link.txt --verbose=1
/usr/bin/clang++        CMakeFiles/cmTryCompileExec1633273568.dir/testCXXCompiler.cxx.o  -o cmTryCompileExec1633273568 -rdynamic 
gmake[1]: Leaving directory `/home/ec2-user/minisql/cmake-build/CMakeFiles/CMakeTmp'


Detecting CXX compiler ABI info compiled with the following output:
Change Dir: /home/ec2-user/minisql/cmake-build/CMakeFiles/CMakeTmp

Run Build Command:/usr/bin/gmake "cmTryCompileExec2909397551/fast"
/usr/bin/gmake -f CMakeFiles/cmTryCompileExec2909397551.dir/build.make CMakeFiles/cmTryCompileExec2909397551.dir/build
gmake[1]: Entering directory `/home/ec2-user/minisql/cmake-build/CMakeFiles/CMakeTmp'
/usr/bin/cmake -E cmake_progress_report /home/ec2-user/minisql/cmake-build/CMakeFiles/CMakeTmp/CMakeFiles 1
Building CXX object CMakeFiles/cmTryCompileExec2909397551.dir/CMakeCXXCompilerABI.cpp.o
/usr/bin/clang++     -o CMakeFiles/cmTryCompileExec2909397551.dir/CMakeCXXCompilerABI.cpp.o -c /usr/share/cmake/Modules/CMakeCXXCompilerABI.cpp
Linking CXX executable cmTryCompileExec2909397551
/usr/bin/cmake -E cmake_link_script CMakeFiles/cmTryCompileExec2909397551.dir/link.txt --verbose=1
/usr/bin/clang++      -v CMakeFiles/cmTryCompileExec2909397551.dir/CMakeCXXCompilerABI.cpp.o  -o cmTryCompileExec2909397551 -rdynamic  
clang version 3.6.2 (tags/RELEASE_362/final)
Target: x86_64-amazon-linux-gnu
Thread model: posix
Found candidate GCC installation: /usr/bin/../lib/gcc/x86_64-amazon-linux/4.8.5
Found candidate GCC installation: /usr/lib/gcc/x86_64-amazon-linux/4.8.5
Selected GCC installation: /usr/bin/../lib/gcc/x86_64-amazon-linux/4.8.5
Candidate multilib: .;@m64
Candidate multilib: 32;@m32
Selected multilib: .;@m64
 "/usr/bin/ld" -export-dynamic --eh-frame-hdr -m elf_x86_64 -dynamic-linker /lib64/ld-linux-x86-64.so.2 -o cmTryCompileExec2909397551 /usr/bin/../lib/gcc/x86_64-amazon-linux/4.8.5/../../../../lib64/crt1.o /usr/bin/../lib/gcc/x86_64-amazon-linux/4.8.5/../../../../lib64/crti.o /usr/bin/../lib/gcc/x86_64-amazon-linux/4.8.5/crtbegin.o -L/usr/bin/../lib/gcc/x86_64-amazon-linux/4.8.5 -L/usr/bin/../lib/gcc/x86_64-amazon-linux/4.8.5/../../../../lib64 -L/usr/bin/../lib64 -L/lib/../lib64 -L/usr/lib/../lib64 -L/usr/bin/../lib/gcc/x86_64-amazon-linux/4.8.5/../../.. -L/usr/bin/../lib -L/lib -L/usr/lib CMakeFiles/cmTryCompileExec2909397551.dir/CMakeCXXCompilerABI.cpp.o -lstdc++ -lm -lgcc_s -lgcc -lc -lgcc_s -lgcc /usr/bin/../lib/gcc/x86_64-amazon-linux/4.8.5/crtend.o /usr/bin/../lib/gcc/x86_64-amazon-linux/4.8.5/../../../../lib64/crtn.o
gmake[1]: Leaving directory `/home/ec2-user/minisql/cmake-build/CMakeFiles/CMakeTmp'


Parsed CXX implicit link information from above output:
  link line regex: [^( *|.*[/\])(ld|([^/\]+-)?ld|collect2)[^/\]*( |$)]
  ignore line: [Change Dir: /home/ec2-user/minisql/cmake-build/CMakeFiles/CMakeTmp]
  ignore line: []
  ignore line: [Run Build Command:/usr/bin/gmake "cmTryCompileExec2909397551/fast"]
  ignore line: [/usr/bin/gmake -f CMakeFiles/cmTryCompileExec2909397551.dir/build.make CMakeFiles/cmTryCompileExec2909397551.dir/build]
  ignore line: [gmake[1]: Entering directory `/home/ec2-user/minisql/cmake-build/CMakeFiles/CMakeTmp']
  ignore line: [/usr/bin/cmake -E cmake_progress_report /home/ec2-user/minisql/cmake-build/CMakeFiles/CMakeTmp/CMakeFiles 1]
  ignore line: [Building CXX object CMakeFiles/cmTryCompileExec2909397551.dir/CMakeCXXCompilerABI.cpp.o]
  ignore line: [/usr/bin/clang++     -o CMakeFiles/cmTryCompileExec2909397551.dir/CMakeCXXCompilerABI.cpp.o -c /usr/share/cmake/Modules/CMakeCXXCompilerABI.cpp]
  ignore line: [Linking CXX executable cmTryCompileExec2909397551]
  ignore line: [/usr/bin/cmake -E cmake_link_script CMakeFiles/cmTryCompileExec2909397551.dir/link.txt --verbose=1]
  ignore line: [/usr/bin/clang++      -v CMakeFiles/cmTryCompileExec2909397551.dir/CMakeCXXCompilerABI.cpp.o  -o cmTryCompileExec2909397551 -rdynamic  ]
  ignore line: [clang version 3.6.2 (tags/RELEASE_362/final)]
  ignore line: [Target: x86_64-amazon-linux-gnu]
  ignore line: [Thread model: posix]
  ignore line: [Found candidate GCC installation: /usr/bin/../lib/gcc/x86_64-amazon-linux/4.8.5]
  ignore line: [Found candidate GCC installation: /usr/lib/gcc/x86_64-amazon-linux/4.8.5]
  ignore line: [Selected GCC installation: /usr/bin/../lib/gcc/x86_64-amazon-linux/4.8.5]
  ignore line: [Candidate multilib: .]
  ignore line: [@m64]
  ignore line: [Candidate multilib: 32]
  ignore line: [@m32]
  ignore line: [Selected multilib: .]
  ignore line: [@m64]
  link line: [ "/usr/bin/ld" -export-dynamic --eh-frame-hdr -m elf_x86_64 -dynamic-linker /lib64/ld-linux-x86-64.so.2 -o cmTryCompileExec2909397551 /usr/bin/../lib/gcc/x86_64-amazon-linux/4.8.5/../../../../lib64/crt1.o /usr/bin/../lib/gcc/x86_64-amazon-linux/4.8.5/../../../../lib64/crti.o /usr/bin/../lib/gcc/x86_64-amazon-linux/4.8.5/crtbegin.o -L/usr/bin/../lib/gcc/x86_64-amazon-linux/4.8.5 -L/usr/bin/../lib/gcc/x86_64-amazon-linux/4.8.5/../../../../lib64 -L/usr/bin/../lib64 -L/lib/../lib64 -L/usr/lib/../lib64 -L/usr/bin/../lib/gcc/x86_64-amazon-linux/4.8.5/../../.. -L/usr/bin/../lib -L/lib -L/usr/lib CMakeFiles/cmTryCompileExec2909397551.dir/CMakeCXXCompilerABI.cpp.o -lstdc++ -lm -lgcc_s -lgcc -lc -lgcc_s -lgcc /usr/bin/../lib/gcc/x86_64-amazon-linux/4.8.5/crtend.o /usr/bin/../lib/gcc/x86_64-amazon-linux/4.8.5/../../../../lib64/crtn.o]
    arg [/usr/bin/ld] ==> ignore
    arg [-export-dynamic] ==> ignore
    arg [--eh-frame-hdr] ==> ignore
    arg [-m] ==> ignore
    arg [elf_x86_64] ==> ignore
    arg [-dynamic-linker] ==> ignore
    arg [/lib64/ld-linux-x86-64.so.2] ==> ignore
    arg [-o] ==> ignore
    arg [cmTryCompileExec2909397551] ==> ignore
    arg [/usr/bin/../lib/gcc/x86_64-amazon-linux/4.8.5/../../../../lib64/crt1.o] ==> ignore
    arg [/usr/bin/../lib/gcc/x86_64-amazon-linux/4.8.5/../../../../lib64/crti.o] ==> ignore
    arg [/usr/bin/../lib/gcc/x86_64-amazon-linux/4.8.5/crtbegin.o] ==> ignore
    arg [-L/usr/bin/../lib/gcc/x86_64-amazon-linux/4.8.5] ==> dir [/usr/bin/../lib/gcc/x86_64-amazon-linux/4.8.5]
    arg [-L/usr/bin/../lib/gcc/x86_64-amazon-linux/4.8.5/../../../../lib64] ==> dir [/usr/bin/../lib/gcc/x86_64-amazon-linux/4.8.5/../../../../lib64]
    arg [-L/usr/bin/../lib64] ==> dir [/usr/bin/../lib64]
    arg [-L/lib/../lib64] ==> dir [/lib/../lib64]
    arg [-L/usr/lib/../lib64] ==> dir [/usr/lib/../lib64]
    arg [-L/usr/bin/../lib/gcc/x86_64-amazon-linux/4.8.5/../../..] ==> dir [/usr/bin/../lib/gcc/x86_64-amazon-linux/4.8.5/../../..]
    arg [-L/usr/bin/../lib] ==> dir [/usr/bin/../lib]
    arg [-L/lib] ==> dir [/lib]
    arg [-L/usr/lib] ==> dir [/usr/lib]
    arg [CMakeFiles/cmTryCompileExec2909397551.dir/CMakeCXXCompilerABI.cpp.o] ==> ignore
    arg [-lstdc++] ==> lib [stdc++]
    arg [-lm] ==> lib [m]
    arg [-lgcc_s] ==> lib [gcc_s]
    arg [-lgcc] ==> lib [gcc]
    arg [-lc] ==> lib [c]
    arg [-lgcc_s] ==> lib [gcc_s]
    arg [-lgcc] ==> lib [gcc]
    arg [/usr/bin/../lib/gcc/x86_64-amazon-linux/4.8.5/crtend.o] ==> ignore
    arg [/usr/bin/../lib/gcc/x86_64-amazon-linux/4.8.5/../../../../lib64/crtn.o] ==> ignore
  remove lib [gcc_s]
  remove lib [gcc]
  remove lib [gcc_s]
  remove lib [gcc]
  collapse library dir [/usr/bin/../lib/gcc/x86_64-amazon-linux/4.8.5] ==> [/usr/lib/gcc/x86_64-amazon-linux/4.8.5]
  collapse library dir [/usr/bin/../lib/gcc/x86_64-amazon-linux/4.8.5/../../../../lib64] ==> [/usr/lib64]
  collapse library dir [/usr/bin/../lib64] ==> [/usr/lib64]
  collapse library dir [/lib/../lib64] ==> [/lib64]
  collapse library dir [/usr/lib/../lib64] ==> [/usr/lib64]
  collapse library dir [/usr/bin/../lib/gcc/x86_64-amazon-linux/4.8.5/../../..] ==> [/usr/lib]
  collapse library dir [/usr/bin/../lib] ==> [/usr/lib]
  collapse library dir [/lib] ==> [/lib]
  collapse library dir [/usr/lib] ==> [/usr/lib]
  implicit libs: [stdc++;m;c]
  implicit dirs: [/usr/lib/gcc/x86_64-amazon-linux/4.8.5;/usr/lib64;/lib64;/usr/lib;/lib]
  implicit fwks: []


